2024-05-11 02:02:25.423 [35m[NO CORRELATION ID][0;39m [34m[INFO][0;39m c.e.s.SpringTestApplicationKt - Starting SpringTestApplicationKt using Java 21.0.2 with PID 6855 (/Users/seojemin/IdeaProjects/tech_study_repo/spring/spring_test/build/classes/kotlin/main started by seojemin in /Users/seojemin/IdeaProjects/tech_study_repo) 
2024-05-11 02:02:25.424 [35m[NO CORRELATION ID][0;39m [34m[INFO][0;39m c.e.s.SpringTestApplicationKt - No active profile set, falling back to 1 default profile: "default" 
2024-05-11 02:02:25.876 [35m[NO CORRELATION ID][0;39m [34m[INFO][0;39m o.s.d.r.c.RepositoryConfigurationDelegate - Bootstrapping Spring Data JPA repositories in DEFAULT mode. 
2024-05-11 02:02:25.902 [35m[NO CORRELATION ID][0;39m [34m[INFO][0;39m o.s.d.r.c.RepositoryConfigurationDelegate - Finished Spring Data repository scanning in 22 ms. Found 1 JPA repository interface. 
2024-05-11 02:02:26.246 [35m[NO CORRELATION ID][0;39m [34m[INFO][0;39m o.s.b.w.e.t.TomcatWebServer - Tomcat initialized with port 8080 (http) 
2024-05-11 02:02:26.250 [35m[NO CORRELATION ID][0;39m [34m[INFO][0;39m o.a.c.h.Http11NioProtocol - Initializing ProtocolHandler ["http-nio-8080"] 
2024-05-11 02:02:26.251 [35m[NO CORRELATION ID][0;39m [34m[INFO][0;39m o.a.c.c.StandardService - Starting service [Tomcat] 
2024-05-11 02:02:26.251 [35m[NO CORRELATION ID][0;39m [34m[INFO][0;39m o.a.c.c.StandardEngine - Starting Servlet engine: [Apache Tomcat/10.1.20] 
2024-05-11 02:02:26.271 [35m[NO CORRELATION ID][0;39m [34m[INFO][0;39m o.a.c.c.C.[.[.[/] - Initializing Spring embedded WebApplicationContext 
2024-05-11 02:02:26.272 [35m[NO CORRELATION ID][0;39m [34m[INFO][0;39m o.s.b.w.s.c.ServletWebServerApplicationContext - Root WebApplicationContext: initialization completed in 829 ms 
2024-05-11 02:02:26.543 [35m[NO CORRELATION ID][0;39m [34m[INFO][0;39m o.h.j.i.u.LogHelper - HHH000204: Processing PersistenceUnitInfo [name: default] 
2024-05-11 02:02:26.569 [35m[NO CORRELATION ID][0;39m [34m[INFO][0;39m o.h.Version - HHH000412: Hibernate ORM core version 6.4.4.Final 
2024-05-11 02:02:26.583 [35m[NO CORRELATION ID][0;39m [34m[INFO][0;39m o.h.c.i.RegionFactoryInitiator - HHH000026: Second-level cache disabled 
2024-05-11 02:02:26.690 [35m[NO CORRELATION ID][0;39m [34m[INFO][0;39m o.s.o.j.p.SpringPersistenceUnitInfo - No LoadTimeWeaver setup: ignoring JPA class transformer 
2024-05-11 02:02:26.702 [35m[NO CORRELATION ID][0;39m [34m[INFO][0;39m c.z.h.HikariDataSource - HikariPool-1 - Starting... 
2024-05-11 02:02:26.799 [35m[NO CORRELATION ID][0;39m [34m[INFO][0;39m c.z.h.p.HikariPool - HikariPool-1 - Added connection com.mysql.cj.jdbc.ConnectionImpl@399fd710 
2024-05-11 02:02:26.800 [35m[NO CORRELATION ID][0;39m [34m[INFO][0;39m c.z.h.HikariDataSource - HikariPool-1 - Start completed. 
2024-05-11 02:02:27.181 [35m[NO CORRELATION ID][0;39m [34m[INFO][0;39m o.h.e.t.j.p.i.JtaPlatformInitiator - HHH000489: No JTA platform available (set 'hibernate.transaction.jta.platform' to enable JTA platform integration) 
2024-05-11 02:02:27.232 [35m[NO CORRELATION ID][0;39m [34m[INFO][0;39m o.s.o.j.LocalContainerEntityManagerFactoryBean - Initialized JPA EntityManagerFactory for persistence unit 'default' 
2024-05-11 02:02:27.869 [35m[NO CORRELATION ID][0;39m [34m[INFO][0;39m o.a.c.h.Http11NioProtocol - Starting ProtocolHandler ["http-nio-8080"] 
2024-05-11 02:02:27.878 [35m[NO CORRELATION ID][0;39m [34m[INFO][0;39m o.s.b.w.e.t.TomcatWebServer - Tomcat started on port 8080 (http) with context path '' 
2024-05-11 02:02:27.909 [35m[NO CORRELATION ID][0;39m [34m[INFO][0;39m o.s.b.w.e.t.TomcatWebServer - Tomcat initialized with port 8081 (http) 
2024-05-11 02:02:27.909 [35m[NO CORRELATION ID][0;39m [34m[INFO][0;39m o.a.c.h.Http11NioProtocol - Initializing ProtocolHandler ["http-nio-8081"] 
2024-05-11 02:02:27.909 [35m[NO CORRELATION ID][0;39m [34m[INFO][0;39m o.a.c.c.StandardService - Starting service [Tomcat] 
2024-05-11 02:02:27.909 [35m[NO CORRELATION ID][0;39m [34m[INFO][0;39m o.a.c.c.StandardEngine - Starting Servlet engine: [Apache Tomcat/10.1.20] 
2024-05-11 02:02:27.916 [35m[NO CORRELATION ID][0;39m [34m[INFO][0;39m o.a.c.c.C.[.[.[/] - Initializing Spring embedded WebApplicationContext 
2024-05-11 02:02:27.916 [35m[NO CORRELATION ID][0;39m [34m[INFO][0;39m o.s.b.w.s.c.ServletWebServerApplicationContext - Root WebApplicationContext: initialization completed in 36 ms 
2024-05-11 02:02:27.921 [35m[NO CORRELATION ID][0;39m [34m[INFO][0;39m o.s.b.a.e.w.EndpointLinksResolver - Exposing 14 endpoint(s) beneath base path '/check' 
2024-05-11 02:02:27.939 [35m[NO CORRELATION ID][0;39m [34m[INFO][0;39m o.a.c.h.Http11NioProtocol - Starting ProtocolHandler ["http-nio-8081"] 
2024-05-11 02:02:27.941 [35m[NO CORRELATION ID][0;39m [34m[INFO][0;39m o.s.b.w.e.t.TomcatWebServer - Tomcat started on port 8081 (http) with context path '' 
2024-05-11 02:02:27.950 [35m[NO CORRELATION ID][0;39m [34m[INFO][0;39m c.e.s.SpringTestApplicationKt - Started SpringTestApplicationKt in 2.742 seconds (process running for 3.228) 
2024-05-11 02:02:28.563 [35m[NO CORRELATION ID][0;39m [34m[INFO][0;39m o.a.c.c.C.[.[.[/] - Initializing Spring DispatcherServlet 'dispatcherServletRegistration' 
2024-05-11 02:02:28.563 [35m[NO CORRELATION ID][0;39m [34m[INFO][0;39m o.s.w.s.DispatcherServlet - Initializing Servlet 'dispatcherServletRegistration' 
2024-05-11 02:02:28.563 [35m[NO CORRELATION ID][0;39m [34m[INFO][0;39m o.s.w.s.DispatcherServlet - Completed initialization in 0 ms 
2024-05-11 02:04:02.682 [35m[NO CORRELATION ID][0;39m [34m[INFO][0;39m o.a.c.c.C.[.[.[/] - Initializing Spring DispatcherServlet 'dispatcherServlet' 
2024-05-11 02:04:02.684 [35m[NO CORRELATION ID][0;39m [34m[INFO][0;39m o.s.w.s.DispatcherServlet - Initializing Servlet 'dispatcherServlet' 
2024-05-11 02:04:02.690 [35m[NO CORRELATION ID][0;39m [34m[INFO][0;39m o.s.w.s.DispatcherServlet - Completed initialization in 6 ms 
2024-05-11 02:08:37.871 [35m[NO CORRELATION ID][0;39m [34m[INFO][0;39m o.s.o.j.LocalContainerEntityManagerFactoryBean - Closing JPA EntityManagerFactory for persistence unit 'default' 
2024-05-11 02:08:37.873 [35m[NO CORRELATION ID][0;39m [34m[INFO][0;39m c.z.h.HikariDataSource - HikariPool-1 - Shutdown initiated... 
2024-05-11 02:08:37.876 [35m[NO CORRELATION ID][0;39m [34m[INFO][0;39m c.z.h.HikariDataSource - HikariPool-1 - Shutdown completed. 
2024-05-11 02:08:40.930 [35m[NO CORRELATION ID][0;39m [34m[INFO][0;39m c.e.s.SpringTestApplicationKt - Starting SpringTestApplicationKt using Java 21.0.2 with PID 6989 (/Users/seojemin/IdeaProjects/tech_study_repo/spring/spring_test/build/classes/kotlin/main started by seojemin in /Users/seojemin/IdeaProjects/tech_study_repo) 
2024-05-11 02:08:40.930 [35m[NO CORRELATION ID][0;39m [34m[INFO][0;39m c.e.s.SpringTestApplicationKt - No active profile set, falling back to 1 default profile: "default" 
2024-05-11 02:08:41.389 [35m[NO CORRELATION ID][0;39m [34m[INFO][0;39m o.s.d.r.c.RepositoryConfigurationDelegate - Bootstrapping Spring Data JPA repositories in DEFAULT mode. 
2024-05-11 02:08:41.412 [35m[NO CORRELATION ID][0;39m [34m[INFO][0;39m o.s.d.r.c.RepositoryConfigurationDelegate - Finished Spring Data repository scanning in 20 ms. Found 1 JPA repository interface. 
2024-05-11 02:08:41.761 [35m[NO CORRELATION ID][0;39m [34m[INFO][0;39m o.s.b.w.e.t.TomcatWebServer - Tomcat initialized with port 8080 (http) 
2024-05-11 02:08:41.765 [35m[NO CORRELATION ID][0;39m [34m[INFO][0;39m o.a.c.h.Http11NioProtocol - Initializing ProtocolHandler ["http-nio-8080"] 
2024-05-11 02:08:41.766 [35m[NO CORRELATION ID][0;39m [34m[INFO][0;39m o.a.c.c.StandardService - Starting service [Tomcat] 
2024-05-11 02:08:41.766 [35m[NO CORRELATION ID][0;39m [34m[INFO][0;39m o.a.c.c.StandardEngine - Starting Servlet engine: [Apache Tomcat/10.1.20] 
2024-05-11 02:08:41.788 [35m[NO CORRELATION ID][0;39m [34m[INFO][0;39m o.a.c.c.C.[.[.[/] - Initializing Spring embedded WebApplicationContext 
2024-05-11 02:08:41.788 [35m[NO CORRELATION ID][0;39m [34m[INFO][0;39m o.s.b.w.s.c.ServletWebServerApplicationContext - Root WebApplicationContext: initialization completed in 836 ms 
2024-05-11 02:08:42.056 [35m[NO CORRELATION ID][0;39m [34m[INFO][0;39m o.h.j.i.u.LogHelper - HHH000204: Processing PersistenceUnitInfo [name: default] 
2024-05-11 02:08:42.083 [35m[NO CORRELATION ID][0;39m [34m[INFO][0;39m o.h.Version - HHH000412: Hibernate ORM core version 6.4.4.Final 
2024-05-11 02:08:42.097 [35m[NO CORRELATION ID][0;39m [34m[INFO][0;39m o.h.c.i.RegionFactoryInitiator - HHH000026: Second-level cache disabled 
2024-05-11 02:08:42.200 [35m[NO CORRELATION ID][0;39m [34m[INFO][0;39m o.s.o.j.p.SpringPersistenceUnitInfo - No LoadTimeWeaver setup: ignoring JPA class transformer 
2024-05-11 02:08:42.212 [35m[NO CORRELATION ID][0;39m [34m[INFO][0;39m c.z.h.HikariDataSource - HikariPool-1 - Starting... 
2024-05-11 02:08:42.290 [35m[NO CORRELATION ID][0;39m [34m[INFO][0;39m c.z.h.p.HikariPool - HikariPool-1 - Added connection com.mysql.cj.jdbc.ConnectionImpl@1331d6fd 
2024-05-11 02:08:42.290 [35m[NO CORRELATION ID][0;39m [34m[INFO][0;39m c.z.h.HikariDataSource - HikariPool-1 - Start completed. 
2024-05-11 02:08:42.662 [35m[NO CORRELATION ID][0;39m [34m[INFO][0;39m o.h.e.t.j.p.i.JtaPlatformInitiator - HHH000489: No JTA platform available (set 'hibernate.transaction.jta.platform' to enable JTA platform integration) 
2024-05-11 02:08:42.694 [35m[NO CORRELATION ID][0;39m [34m[INFO][0;39m o.s.o.j.LocalContainerEntityManagerFactoryBean - Initialized JPA EntityManagerFactory for persistence unit 'default' 
2024-05-11 02:08:43.344 [35m[NO CORRELATION ID][0;39m [34m[INFO][0;39m o.a.c.h.Http11NioProtocol - Starting ProtocolHandler ["http-nio-8080"] 
2024-05-11 02:08:43.355 [35m[NO CORRELATION ID][0;39m [34m[INFO][0;39m o.s.b.w.e.t.TomcatWebServer - Tomcat started on port 8080 (http) with context path '' 
2024-05-11 02:08:43.385 [35m[NO CORRELATION ID][0;39m [34m[INFO][0;39m o.s.b.w.e.t.TomcatWebServer - Tomcat initialized with port 8081 (http) 
2024-05-11 02:08:43.385 [35m[NO CORRELATION ID][0;39m [34m[INFO][0;39m o.a.c.h.Http11NioProtocol - Initializing ProtocolHandler ["http-nio-8081"] 
2024-05-11 02:08:43.385 [35m[NO CORRELATION ID][0;39m [34m[INFO][0;39m o.a.c.c.StandardService - Starting service [Tomcat] 
2024-05-11 02:08:43.385 [35m[NO CORRELATION ID][0;39m [34m[INFO][0;39m o.a.c.c.StandardEngine - Starting Servlet engine: [Apache Tomcat/10.1.20] 
2024-05-11 02:08:43.391 [35m[NO CORRELATION ID][0;39m [34m[INFO][0;39m o.a.c.c.C.[.[.[/] - Initializing Spring embedded WebApplicationContext 
2024-05-11 02:08:43.391 [35m[NO CORRELATION ID][0;39m [34m[INFO][0;39m o.s.b.w.s.c.ServletWebServerApplicationContext - Root WebApplicationContext: initialization completed in 34 ms 
2024-05-11 02:08:43.396 [35m[NO CORRELATION ID][0;39m [34m[INFO][0;39m o.s.b.a.e.w.EndpointLinksResolver - Exposing 14 endpoint(s) beneath base path '/check' 
2024-05-11 02:08:43.415 [35m[NO CORRELATION ID][0;39m [34m[INFO][0;39m o.a.c.h.Http11NioProtocol - Starting ProtocolHandler ["http-nio-8081"] 
2024-05-11 02:08:43.417 [35m[NO CORRELATION ID][0;39m [34m[INFO][0;39m o.s.b.w.e.t.TomcatWebServer - Tomcat started on port 8081 (http) with context path '' 
2024-05-11 02:08:43.425 [35m[NO CORRELATION ID][0;39m [34m[INFO][0;39m c.e.s.SpringTestApplicationKt - Started SpringTestApplicationKt in 2.722 seconds (process running for 3.158) 
2024-05-11 02:08:43.563 [35m[NO CORRELATION ID][0;39m [34m[INFO][0;39m o.a.c.c.C.[.[.[/] - Initializing Spring DispatcherServlet 'dispatcherServletRegistration' 
2024-05-11 02:08:43.563 [35m[NO CORRELATION ID][0;39m [34m[INFO][0;39m o.s.w.s.DispatcherServlet - Initializing Servlet 'dispatcherServletRegistration' 
2024-05-11 02:08:43.563 [35m[NO CORRELATION ID][0;39m [34m[INFO][0;39m o.s.w.s.DispatcherServlet - Completed initialization in 0 ms 
2024-05-11 02:08:48.125 [35m[NO CORRELATION ID][0;39m [34m[INFO][0;39m o.a.c.c.C.[.[.[/] - Initializing Spring DispatcherServlet 'dispatcherServlet' 
2024-05-11 02:08:48.125 [35m[NO CORRELATION ID][0;39m [34m[INFO][0;39m o.s.w.s.DispatcherServlet - Initializing Servlet 'dispatcherServlet' 
2024-05-11 02:08:48.127 [35m[NO CORRELATION ID][0;39m [34m[INFO][0;39m o.s.w.s.DispatcherServlet - Completed initialization in 2 ms 
2024-05-11 02:49:45.249 [35m[NO CORRELATION ID][0;39m [34m[INFO][0;39m o.s.o.j.LocalContainerEntityManagerFactoryBean - Closing JPA EntityManagerFactory for persistence unit 'default' 
2024-05-11 02:49:45.252 [35m[NO CORRELATION ID][0;39m [34m[INFO][0;39m c.z.h.HikariDataSource - HikariPool-1 - Shutdown initiated... 
2024-05-11 02:49:45.254 [35m[NO CORRELATION ID][0;39m [34m[INFO][0;39m c.z.h.HikariDataSource - HikariPool-1 - Shutdown completed. 
2024-05-11 02:49:47.552 [35m[NO CORRELATION ID][0;39m [34m[INFO][0;39m c.e.s.SpringTestApplicationKt - Starting SpringTestApplicationKt using Java 21.0.2 with PID 7885 (/Users/seojemin/IdeaProjects/tech_study_repo/spring/spring_test/build/classes/kotlin/main started by seojemin in /Users/seojemin/IdeaProjects/tech_study_repo) 
2024-05-11 02:49:47.552 [35m[NO CORRELATION ID][0;39m [34m[INFO][0;39m c.e.s.SpringTestApplicationKt - No active profile set, falling back to 1 default profile: "default" 
2024-05-11 02:49:47.988 [35m[NO CORRELATION ID][0;39m [34m[INFO][0;39m o.s.d.r.c.RepositoryConfigurationDelegate - Bootstrapping Spring Data JPA repositories in DEFAULT mode. 
2024-05-11 02:49:48.010 [35m[NO CORRELATION ID][0;39m [34m[INFO][0;39m o.s.d.r.c.RepositoryConfigurationDelegate - Finished Spring Data repository scanning in 19 ms. Found 1 JPA repository interface. 
2024-05-11 02:49:48.346 [35m[NO CORRELATION ID][0;39m [34m[INFO][0;39m o.s.b.w.e.t.TomcatWebServer - Tomcat initialized with port 8080 (http) 
2024-05-11 02:49:48.351 [35m[NO CORRELATION ID][0;39m [34m[INFO][0;39m o.a.c.h.Http11NioProtocol - Initializing ProtocolHandler ["http-nio-8080"] 
2024-05-11 02:49:48.352 [35m[NO CORRELATION ID][0;39m [34m[INFO][0;39m o.a.c.c.StandardService - Starting service [Tomcat] 
2024-05-11 02:49:48.352 [35m[NO CORRELATION ID][0;39m [34m[INFO][0;39m o.a.c.c.StandardEngine - Starting Servlet engine: [Apache Tomcat/10.1.20] 
2024-05-11 02:49:48.373 [35m[NO CORRELATION ID][0;39m [34m[INFO][0;39m o.a.c.c.C.[.[.[/] - Initializing Spring embedded WebApplicationContext 
2024-05-11 02:49:48.373 [35m[NO CORRELATION ID][0;39m [34m[INFO][0;39m o.s.b.w.s.c.ServletWebServerApplicationContext - Root WebApplicationContext: initialization completed in 801 ms 
2024-05-11 02:49:48.634 [35m[NO CORRELATION ID][0;39m [34m[INFO][0;39m o.h.j.i.u.LogHelper - HHH000204: Processing PersistenceUnitInfo [name: default] 
2024-05-11 02:49:48.656 [35m[NO CORRELATION ID][0;39m [34m[INFO][0;39m o.h.Version - HHH000412: Hibernate ORM core version 6.4.4.Final 
2024-05-11 02:49:48.669 [35m[NO CORRELATION ID][0;39m [34m[INFO][0;39m o.h.c.i.RegionFactoryInitiator - HHH000026: Second-level cache disabled 
2024-05-11 02:49:48.776 [35m[NO CORRELATION ID][0;39m [34m[INFO][0;39m o.s.o.j.p.SpringPersistenceUnitInfo - No LoadTimeWeaver setup: ignoring JPA class transformer 
2024-05-11 02:49:48.788 [35m[NO CORRELATION ID][0;39m [34m[INFO][0;39m c.z.h.HikariDataSource - HikariPool-1 - Starting... 
2024-05-11 02:49:48.863 [35m[NO CORRELATION ID][0;39m [34m[INFO][0;39m c.z.h.p.HikariPool - HikariPool-1 - Added connection com.mysql.cj.jdbc.ConnectionImpl@1f013047 
2024-05-11 02:49:48.864 [35m[NO CORRELATION ID][0;39m [34m[INFO][0;39m c.z.h.HikariDataSource - HikariPool-1 - Start completed. 
2024-05-11 02:49:49.245 [35m[NO CORRELATION ID][0;39m [34m[INFO][0;39m o.h.e.t.j.p.i.JtaPlatformInitiator - HHH000489: No JTA platform available (set 'hibernate.transaction.jta.platform' to enable JTA platform integration) 
2024-05-11 02:49:49.271 [35m[NO CORRELATION ID][0;39m [34m[INFO][0;39m o.s.o.j.LocalContainerEntityManagerFactoryBean - Initialized JPA EntityManagerFactory for persistence unit 'default' 
2024-05-11 02:49:49.894 [35m[NO CORRELATION ID][0;39m [34m[INFO][0;39m o.a.c.h.Http11NioProtocol - Starting ProtocolHandler ["http-nio-8080"] 
2024-05-11 02:49:49.900 [35m[NO CORRELATION ID][0;39m [34m[INFO][0;39m o.s.b.w.e.t.TomcatWebServer - Tomcat started on port 8080 (http) with context path '' 
2024-05-11 02:49:49.931 [35m[NO CORRELATION ID][0;39m [34m[INFO][0;39m o.s.b.w.e.t.TomcatWebServer - Tomcat initialized with port 8081 (http) 
2024-05-11 02:49:49.931 [35m[NO CORRELATION ID][0;39m [34m[INFO][0;39m o.a.c.h.Http11NioProtocol - Initializing ProtocolHandler ["http-nio-8081"] 
2024-05-11 02:49:49.931 [35m[NO CORRELATION ID][0;39m [34m[INFO][0;39m o.a.c.c.StandardService - Starting service [Tomcat] 
2024-05-11 02:49:49.931 [35m[NO CORRELATION ID][0;39m [34m[INFO][0;39m o.a.c.c.StandardEngine - Starting Servlet engine: [Apache Tomcat/10.1.20] 
2024-05-11 02:49:49.937 [35m[NO CORRELATION ID][0;39m [34m[INFO][0;39m o.a.c.c.C.[.[.[/] - Initializing Spring embedded WebApplicationContext 
2024-05-11 02:49:49.937 [35m[NO CORRELATION ID][0;39m [34m[INFO][0;39m o.s.b.w.s.c.ServletWebServerApplicationContext - Root WebApplicationContext: initialization completed in 35 ms 
2024-05-11 02:49:49.943 [35m[NO CORRELATION ID][0;39m [34m[INFO][0;39m o.s.b.a.e.w.EndpointLinksResolver - Exposing 14 endpoint(s) beneath base path '/check' 
2024-05-11 02:49:49.961 [35m[NO CORRELATION ID][0;39m [34m[INFO][0;39m o.a.c.h.Http11NioProtocol - Starting ProtocolHandler ["http-nio-8081"] 
2024-05-11 02:49:49.963 [35m[NO CORRELATION ID][0;39m [34m[INFO][0;39m o.s.b.w.e.t.TomcatWebServer - Tomcat started on port 8081 (http) with context path '' 
2024-05-11 02:49:49.972 [35m[NO CORRELATION ID][0;39m [34m[INFO][0;39m c.e.s.SpringTestApplicationKt - Started SpringTestApplicationKt in 2.652 seconds (process running for 3.094) 
2024-05-11 02:49:50.512 [35m[NO CORRELATION ID][0;39m [34m[INFO][0;39m o.a.c.c.C.[.[.[/] - Initializing Spring DispatcherServlet 'dispatcherServletRegistration' 
2024-05-11 02:49:50.512 [35m[NO CORRELATION ID][0;39m [34m[INFO][0;39m o.s.w.s.DispatcherServlet - Initializing Servlet 'dispatcherServletRegistration' 
2024-05-11 02:49:50.512 [35m[NO CORRELATION ID][0;39m [34m[INFO][0;39m o.s.w.s.DispatcherServlet - Completed initialization in 0 ms 
2024-05-11 02:50:35.657 [35m[NO CORRELATION ID][0;39m [34m[INFO][0;39m o.s.o.j.LocalContainerEntityManagerFactoryBean - Closing JPA EntityManagerFactory for persistence unit 'default' 
2024-05-11 02:50:35.661 [35m[NO CORRELATION ID][0;39m [34m[INFO][0;39m c.z.h.HikariDataSource - HikariPool-1 - Shutdown initiated... 
2024-05-11 02:50:35.665 [35m[NO CORRELATION ID][0;39m [34m[INFO][0;39m c.z.h.HikariDataSource - HikariPool-1 - Shutdown completed. 
2024-05-11 02:50:38.501 [35m[NO CORRELATION ID][0;39m [34m[INFO][0;39m c.e.s.SpringTestApplicationKt - Starting SpringTestApplicationKt using Java 21.0.2 with PID 7920 (/Users/seojemin/IdeaProjects/tech_study_repo/spring/spring_test/build/classes/kotlin/main started by seojemin in /Users/seojemin/IdeaProjects/tech_study_repo) 
2024-05-11 02:50:38.502 [35m[NO CORRELATION ID][0;39m [34m[INFO][0;39m c.e.s.SpringTestApplicationKt - No active profile set, falling back to 1 default profile: "default" 
2024-05-11 02:50:38.942 [35m[NO CORRELATION ID][0;39m [34m[INFO][0;39m o.s.d.r.c.RepositoryConfigurationDelegate - Bootstrapping Spring Data JPA repositories in DEFAULT mode. 
2024-05-11 02:50:38.964 [35m[NO CORRELATION ID][0;39m [34m[INFO][0;39m o.s.d.r.c.RepositoryConfigurationDelegate - Finished Spring Data repository scanning in 19 ms. Found 1 JPA repository interface. 
2024-05-11 02:50:39.320 [35m[NO CORRELATION ID][0;39m [34m[INFO][0;39m o.s.b.w.e.t.TomcatWebServer - Tomcat initialized with port 8080 (http) 
2024-05-11 02:50:39.325 [35m[NO CORRELATION ID][0;39m [34m[INFO][0;39m o.a.c.h.Http11NioProtocol - Initializing ProtocolHandler ["http-nio-8080"] 
2024-05-11 02:50:39.325 [35m[NO CORRELATION ID][0;39m [34m[INFO][0;39m o.a.c.c.StandardService - Starting service [Tomcat] 
2024-05-11 02:50:39.326 [35m[NO CORRELATION ID][0;39m [34m[INFO][0;39m o.a.c.c.StandardEngine - Starting Servlet engine: [Apache Tomcat/10.1.20] 
2024-05-11 02:50:39.348 [35m[NO CORRELATION ID][0;39m [34m[INFO][0;39m o.a.c.c.C.[.[.[/] - Initializing Spring embedded WebApplicationContext 
2024-05-11 02:50:39.348 [35m[NO CORRELATION ID][0;39m [34m[INFO][0;39m o.s.b.w.s.c.ServletWebServerApplicationContext - Root WebApplicationContext: initialization completed in 827 ms 
2024-05-11 02:50:39.620 [35m[NO CORRELATION ID][0;39m [34m[INFO][0;39m o.h.j.i.u.LogHelper - HHH000204: Processing PersistenceUnitInfo [name: default] 
2024-05-11 02:50:39.641 [35m[NO CORRELATION ID][0;39m [34m[INFO][0;39m o.h.Version - HHH000412: Hibernate ORM core version 6.4.4.Final 
2024-05-11 02:50:39.654 [35m[NO CORRELATION ID][0;39m [34m[INFO][0;39m o.h.c.i.RegionFactoryInitiator - HHH000026: Second-level cache disabled 
2024-05-11 02:50:39.759 [35m[NO CORRELATION ID][0;39m [34m[INFO][0;39m o.s.o.j.p.SpringPersistenceUnitInfo - No LoadTimeWeaver setup: ignoring JPA class transformer 
2024-05-11 02:50:39.771 [35m[NO CORRELATION ID][0;39m [34m[INFO][0;39m c.z.h.HikariDataSource - HikariPool-1 - Starting... 
2024-05-11 02:50:39.852 [35m[NO CORRELATION ID][0;39m [34m[INFO][0;39m c.z.h.p.HikariPool - HikariPool-1 - Added connection com.mysql.cj.jdbc.ConnectionImpl@5c215642 
2024-05-11 02:50:39.853 [35m[NO CORRELATION ID][0;39m [34m[INFO][0;39m c.z.h.HikariDataSource - HikariPool-1 - Start completed. 
2024-05-11 02:50:40.242 [35m[NO CORRELATION ID][0;39m [34m[INFO][0;39m o.h.e.t.j.p.i.JtaPlatformInitiator - HHH000489: No JTA platform available (set 'hibernate.transaction.jta.platform' to enable JTA platform integration) 
2024-05-11 02:50:40.269 [35m[NO CORRELATION ID][0;39m [34m[INFO][0;39m o.s.o.j.LocalContainerEntityManagerFactoryBean - Initialized JPA EntityManagerFactory for persistence unit 'default' 
2024-05-11 02:50:40.889 [35m[NO CORRELATION ID][0;39m [34m[INFO][0;39m o.a.c.h.Http11NioProtocol - Starting ProtocolHandler ["http-nio-8080"] 
2024-05-11 02:50:40.896 [35m[NO CORRELATION ID][0;39m [34m[INFO][0;39m o.s.b.w.e.t.TomcatWebServer - Tomcat started on port 8080 (http) with context path '' 
2024-05-11 02:50:40.924 [35m[NO CORRELATION ID][0;39m [34m[INFO][0;39m o.s.b.w.e.t.TomcatWebServer - Tomcat initialized with port 8081 (http) 
2024-05-11 02:50:40.924 [35m[NO CORRELATION ID][0;39m [34m[INFO][0;39m o.a.c.h.Http11NioProtocol - Initializing ProtocolHandler ["http-nio-8081"] 
2024-05-11 02:50:40.924 [35m[NO CORRELATION ID][0;39m [34m[INFO][0;39m o.a.c.c.StandardService - Starting service [Tomcat] 
2024-05-11 02:50:40.924 [35m[NO CORRELATION ID][0;39m [34m[INFO][0;39m o.a.c.c.StandardEngine - Starting Servlet engine: [Apache Tomcat/10.1.20] 
2024-05-11 02:50:40.930 [35m[NO CORRELATION ID][0;39m [34m[INFO][0;39m o.a.c.c.C.[.[.[/] - Initializing Spring embedded WebApplicationContext 
2024-05-11 02:50:40.930 [35m[NO CORRELATION ID][0;39m [34m[INFO][0;39m o.s.b.w.s.c.ServletWebServerApplicationContext - Root WebApplicationContext: initialization completed in 32 ms 
2024-05-11 02:50:40.936 [35m[NO CORRELATION ID][0;39m [34m[INFO][0;39m o.s.b.a.e.w.EndpointLinksResolver - Exposing 14 endpoint(s) beneath base path '/check' 
2024-05-11 02:50:40.954 [35m[NO CORRELATION ID][0;39m [34m[INFO][0;39m o.a.c.h.Http11NioProtocol - Starting ProtocolHandler ["http-nio-8081"] 
2024-05-11 02:50:40.956 [35m[NO CORRELATION ID][0;39m [34m[INFO][0;39m o.s.b.w.e.t.TomcatWebServer - Tomcat started on port 8081 (http) with context path '' 
2024-05-11 02:50:40.964 [35m[NO CORRELATION ID][0;39m [34m[INFO][0;39m c.e.s.SpringTestApplicationKt - Started SpringTestApplicationKt in 2.684 seconds (process running for 2.952) 
2024-05-11 02:50:41.535 [35m[NO CORRELATION ID][0;39m [34m[INFO][0;39m o.a.c.c.C.[.[.[/] - Initializing Spring DispatcherServlet 'dispatcherServletRegistration' 
2024-05-11 02:50:41.535 [35m[NO CORRELATION ID][0;39m [34m[INFO][0;39m o.s.w.s.DispatcherServlet - Initializing Servlet 'dispatcherServletRegistration' 
2024-05-11 02:50:41.535 [35m[NO CORRELATION ID][0;39m [34m[INFO][0;39m o.s.w.s.DispatcherServlet - Completed initialization in 0 ms 
2024-05-11 02:56:40.209 [35m[NO CORRELATION ID][0;39m [34m[INFO][0;39m o.a.c.c.C.[.[.[/] - Initializing Spring DispatcherServlet 'dispatcherServlet' 
2024-05-11 02:56:40.209 [35m[NO CORRELATION ID][0;39m [34m[INFO][0;39m o.s.w.s.DispatcherServlet - Initializing Servlet 'dispatcherServlet' 
2024-05-11 02:56:40.214 [35m[NO CORRELATION ID][0;39m [34m[INFO][0;39m o.s.w.s.DispatcherServlet - Completed initialization in 5 ms 
2024-05-11 02:57:35.541 [35m[NO CORRELATION ID][0;39m [34m[INFO][0;39m o.s.o.j.LocalContainerEntityManagerFactoryBean - Closing JPA EntityManagerFactory for persistence unit 'default' 
2024-05-11 02:57:35.543 [35m[NO CORRELATION ID][0;39m [34m[INFO][0;39m c.z.h.HikariDataSource - HikariPool-1 - Shutdown initiated... 
2024-05-11 02:57:35.547 [35m[NO CORRELATION ID][0;39m [34m[INFO][0;39m c.z.h.HikariDataSource - HikariPool-1 - Shutdown completed. 
2024-05-11 02:57:38.391 [35m[NO CORRELATION ID][0;39m [34m[INFO][0;39m c.e.s.SpringTestApplicationKt - Starting SpringTestApplicationKt using Java 21.0.2 with PID 8061 (/Users/seojemin/IdeaProjects/tech_study_repo/spring/spring_test/build/classes/kotlin/main started by seojemin in /Users/seojemin/IdeaProjects/tech_study_repo) 
2024-05-11 02:57:38.392 [35m[NO CORRELATION ID][0;39m [34m[INFO][0;39m c.e.s.SpringTestApplicationKt - No active profile set, falling back to 1 default profile: "default" 
2024-05-11 02:57:38.839 [35m[NO CORRELATION ID][0;39m [34m[INFO][0;39m o.s.d.r.c.RepositoryConfigurationDelegate - Bootstrapping Spring Data JPA repositories in DEFAULT mode. 
2024-05-11 02:57:38.864 [35m[NO CORRELATION ID][0;39m [34m[INFO][0;39m o.s.d.r.c.RepositoryConfigurationDelegate - Finished Spring Data repository scanning in 21 ms. Found 1 JPA repository interface. 
2024-05-11 02:57:39.222 [35m[NO CORRELATION ID][0;39m [34m[INFO][0;39m o.s.b.w.e.t.TomcatWebServer - Tomcat initialized with port 8080 (http) 
2024-05-11 02:57:39.227 [35m[NO CORRELATION ID][0;39m [34m[INFO][0;39m o.a.c.h.Http11NioProtocol - Initializing ProtocolHandler ["http-nio-8080"] 
2024-05-11 02:57:39.228 [35m[NO CORRELATION ID][0;39m [34m[INFO][0;39m o.a.c.c.StandardService - Starting service [Tomcat] 
2024-05-11 02:57:39.228 [35m[NO CORRELATION ID][0;39m [34m[INFO][0;39m o.a.c.c.StandardEngine - Starting Servlet engine: [Apache Tomcat/10.1.20] 
2024-05-11 02:57:39.249 [35m[NO CORRELATION ID][0;39m [34m[INFO][0;39m o.a.c.c.C.[.[.[/] - Initializing Spring embedded WebApplicationContext 
2024-05-11 02:57:39.250 [35m[NO CORRELATION ID][0;39m [34m[INFO][0;39m o.s.b.w.s.c.ServletWebServerApplicationContext - Root WebApplicationContext: initialization completed in 836 ms 
2024-05-11 02:57:39.514 [35m[NO CORRELATION ID][0;39m [34m[INFO][0;39m o.h.j.i.u.LogHelper - HHH000204: Processing PersistenceUnitInfo [name: default] 
2024-05-11 02:57:39.536 [35m[NO CORRELATION ID][0;39m [34m[INFO][0;39m o.h.Version - HHH000412: Hibernate ORM core version 6.4.4.Final 
2024-05-11 02:57:39.549 [35m[NO CORRELATION ID][0;39m [34m[INFO][0;39m o.h.c.i.RegionFactoryInitiator - HHH000026: Second-level cache disabled 
2024-05-11 02:57:39.650 [35m[NO CORRELATION ID][0;39m [34m[INFO][0;39m o.s.o.j.p.SpringPersistenceUnitInfo - No LoadTimeWeaver setup: ignoring JPA class transformer 
2024-05-11 02:57:39.661 [35m[NO CORRELATION ID][0;39m [34m[INFO][0;39m c.z.h.HikariDataSource - HikariPool-1 - Starting... 
2024-05-11 02:57:39.737 [35m[NO CORRELATION ID][0;39m [34m[INFO][0;39m c.z.h.p.HikariPool - HikariPool-1 - Added connection com.mysql.cj.jdbc.ConnectionImpl@565c887e 
2024-05-11 02:57:39.737 [35m[NO CORRELATION ID][0;39m [34m[INFO][0;39m c.z.h.HikariDataSource - HikariPool-1 - Start completed. 
2024-05-11 02:57:40.125 [35m[NO CORRELATION ID][0;39m [34m[INFO][0;39m o.h.e.t.j.p.i.JtaPlatformInitiator - HHH000489: No JTA platform available (set 'hibernate.transaction.jta.platform' to enable JTA platform integration) 
2024-05-11 02:57:40.169 [35m[NO CORRELATION ID][0;39m [34m[INFO][0;39m o.s.o.j.LocalContainerEntityManagerFactoryBean - Initialized JPA EntityManagerFactory for persistence unit 'default' 
2024-05-11 02:57:40.852 [35m[NO CORRELATION ID][0;39m [34m[INFO][0;39m o.a.c.h.Http11NioProtocol - Starting ProtocolHandler ["http-nio-8080"] 
2024-05-11 02:57:40.858 [35m[NO CORRELATION ID][0;39m [34m[INFO][0;39m o.s.b.w.e.t.TomcatWebServer - Tomcat started on port 8080 (http) with context path '' 
2024-05-11 02:57:40.889 [35m[NO CORRELATION ID][0;39m [34m[INFO][0;39m o.s.b.w.e.t.TomcatWebServer - Tomcat initialized with port 8081 (http) 
2024-05-11 02:57:40.889 [35m[NO CORRELATION ID][0;39m [34m[INFO][0;39m o.a.c.h.Http11NioProtocol - Initializing ProtocolHandler ["http-nio-8081"] 
2024-05-11 02:57:40.889 [35m[NO CORRELATION ID][0;39m [34m[INFO][0;39m o.a.c.c.StandardService - Starting service [Tomcat] 
2024-05-11 02:57:40.889 [35m[NO CORRELATION ID][0;39m [34m[INFO][0;39m o.a.c.c.StandardEngine - Starting Servlet engine: [Apache Tomcat/10.1.20] 
2024-05-11 02:57:40.896 [35m[NO CORRELATION ID][0;39m [34m[INFO][0;39m o.a.c.c.C.[.[.[/] - Initializing Spring embedded WebApplicationContext 
2024-05-11 02:57:40.896 [35m[NO CORRELATION ID][0;39m [34m[INFO][0;39m o.s.b.w.s.c.ServletWebServerApplicationContext - Root WebApplicationContext: initialization completed in 36 ms 
2024-05-11 02:57:40.902 [35m[NO CORRELATION ID][0;39m [34m[INFO][0;39m o.s.b.a.e.w.EndpointLinksResolver - Exposing 14 endpoint(s) beneath base path '/check' 
2024-05-11 02:57:40.919 [35m[NO CORRELATION ID][0;39m [34m[INFO][0;39m o.a.c.h.Http11NioProtocol - Starting ProtocolHandler ["http-nio-8081"] 
2024-05-11 02:57:40.921 [35m[NO CORRELATION ID][0;39m [34m[INFO][0;39m o.s.b.w.e.t.TomcatWebServer - Tomcat started on port 8081 (http) with context path '' 
2024-05-11 02:57:40.930 [35m[NO CORRELATION ID][0;39m [34m[INFO][0;39m c.e.s.SpringTestApplicationKt - Started SpringTestApplicationKt in 2.757 seconds (process running for 3.181) 
2024-05-11 02:57:41.611 [35m[NO CORRELATION ID][0;39m [34m[INFO][0;39m o.a.c.c.C.[.[.[/] - Initializing Spring DispatcherServlet 'dispatcherServletRegistration' 
2024-05-11 02:57:41.611 [35m[NO CORRELATION ID][0;39m [34m[INFO][0;39m o.s.w.s.DispatcherServlet - Initializing Servlet 'dispatcherServletRegistration' 
2024-05-11 02:57:41.611 [35m[NO CORRELATION ID][0;39m [34m[INFO][0;39m o.s.w.s.DispatcherServlet - Completed initialization in 0 ms 
2024-05-11 02:58:52.740 [35m[NO CORRELATION ID][0;39m [34m[INFO][0;39m o.a.c.c.C.[.[.[/] - Initializing Spring DispatcherServlet 'dispatcherServlet' 
2024-05-11 02:58:52.740 [35m[NO CORRELATION ID][0;39m [34m[INFO][0;39m o.s.w.s.DispatcherServlet - Initializing Servlet 'dispatcherServlet' 
2024-05-11 02:58:52.747 [35m[NO CORRELATION ID][0;39m [34m[INFO][0;39m o.s.w.s.DispatcherServlet - Completed initialization in 7 ms 
2024-05-11 03:01:19.651 [35m[NO CORRELATION ID][0;39m [34m[INFO][0;39m o.s.o.j.LocalContainerEntityManagerFactoryBean - Closing JPA EntityManagerFactory for persistence unit 'default' 
2024-05-11 03:01:19.659 [35m[NO CORRELATION ID][0;39m [34m[INFO][0;39m c.z.h.HikariDataSource - HikariPool-1 - Shutdown initiated... 
2024-05-11 03:01:19.666 [35m[NO CORRELATION ID][0;39m [34m[INFO][0;39m c.z.h.HikariDataSource - HikariPool-1 - Shutdown completed. 
2024-05-11 03:01:22.575 [35m[NO CORRELATION ID][0;39m [34m[INFO][0;39m c.e.s.SpringTestApplicationKt - Starting SpringTestApplicationKt using Java 21.0.2 with PID 8134 (/Users/seojemin/IdeaProjects/tech_study_repo/spring/spring_test/build/classes/kotlin/main started by seojemin in /Users/seojemin/IdeaProjects/tech_study_repo) 
2024-05-11 03:01:22.576 [35m[NO CORRELATION ID][0;39m [34m[INFO][0;39m c.e.s.SpringTestApplicationKt - No active profile set, falling back to 1 default profile: "default" 
2024-05-11 03:01:23.060 [35m[NO CORRELATION ID][0;39m [34m[INFO][0;39m o.s.d.r.c.RepositoryConfigurationDelegate - Bootstrapping Spring Data JPA repositories in DEFAULT mode. 
2024-05-11 03:01:23.083 [35m[NO CORRELATION ID][0;39m [34m[INFO][0;39m o.s.d.r.c.RepositoryConfigurationDelegate - Finished Spring Data repository scanning in 20 ms. Found 1 JPA repository interface. 
2024-05-11 03:01:23.433 [35m[NO CORRELATION ID][0;39m [34m[INFO][0;39m o.s.b.w.e.t.TomcatWebServer - Tomcat initialized with port 8080 (http) 
2024-05-11 03:01:23.438 [35m[NO CORRELATION ID][0;39m [34m[INFO][0;39m o.a.c.h.Http11NioProtocol - Initializing ProtocolHandler ["http-nio-8080"] 
2024-05-11 03:01:23.438 [35m[NO CORRELATION ID][0;39m [34m[INFO][0;39m o.a.c.c.StandardService - Starting service [Tomcat] 
2024-05-11 03:01:23.439 [35m[NO CORRELATION ID][0;39m [34m[INFO][0;39m o.a.c.c.StandardEngine - Starting Servlet engine: [Apache Tomcat/10.1.20] 
2024-05-11 03:01:23.464 [35m[NO CORRELATION ID][0;39m [34m[INFO][0;39m o.a.c.c.C.[.[.[/] - Initializing Spring embedded WebApplicationContext 
2024-05-11 03:01:23.464 [35m[NO CORRELATION ID][0;39m [34m[INFO][0;39m o.s.b.w.s.c.ServletWebServerApplicationContext - Root WebApplicationContext: initialization completed in 867 ms 
2024-05-11 03:01:23.727 [35m[NO CORRELATION ID][0;39m [34m[INFO][0;39m o.h.j.i.u.LogHelper - HHH000204: Processing PersistenceUnitInfo [name: default] 
2024-05-11 03:01:23.752 [35m[NO CORRELATION ID][0;39m [34m[INFO][0;39m o.h.Version - HHH000412: Hibernate ORM core version 6.4.4.Final 
2024-05-11 03:01:23.766 [35m[NO CORRELATION ID][0;39m [34m[INFO][0;39m o.h.c.i.RegionFactoryInitiator - HHH000026: Second-level cache disabled 
2024-05-11 03:01:23.875 [35m[NO CORRELATION ID][0;39m [34m[INFO][0;39m o.s.o.j.p.SpringPersistenceUnitInfo - No LoadTimeWeaver setup: ignoring JPA class transformer 
2024-05-11 03:01:23.887 [35m[NO CORRELATION ID][0;39m [34m[INFO][0;39m c.z.h.HikariDataSource - HikariPool-1 - Starting... 
2024-05-11 03:01:23.965 [35m[NO CORRELATION ID][0;39m [34m[INFO][0;39m c.z.h.p.HikariPool - HikariPool-1 - Added connection com.mysql.cj.jdbc.ConnectionImpl@53564a4c 
2024-05-11 03:01:23.966 [35m[NO CORRELATION ID][0;39m [34m[INFO][0;39m c.z.h.HikariDataSource - HikariPool-1 - Start completed. 
2024-05-11 03:01:24.346 [35m[NO CORRELATION ID][0;39m [34m[INFO][0;39m o.h.e.t.j.p.i.JtaPlatformInitiator - HHH000489: No JTA platform available (set 'hibernate.transaction.jta.platform' to enable JTA platform integration) 
2024-05-11 03:01:24.377 [35m[NO CORRELATION ID][0;39m [34m[INFO][0;39m o.s.o.j.LocalContainerEntityManagerFactoryBean - Initialized JPA EntityManagerFactory for persistence unit 'default' 
2024-05-11 03:01:25.028 [35m[NO CORRELATION ID][0;39m [34m[INFO][0;39m o.a.c.h.Http11NioProtocol - Starting ProtocolHandler ["http-nio-8080"] 
2024-05-11 03:01:25.034 [35m[NO CORRELATION ID][0;39m [34m[INFO][0;39m o.s.b.w.e.t.TomcatWebServer - Tomcat started on port 8080 (http) with context path '' 
2024-05-11 03:01:25.064 [35m[NO CORRELATION ID][0;39m [34m[INFO][0;39m o.s.b.w.e.t.TomcatWebServer - Tomcat initialized with port 8081 (http) 
2024-05-11 03:01:25.065 [35m[NO CORRELATION ID][0;39m [34m[INFO][0;39m o.a.c.h.Http11NioProtocol - Initializing ProtocolHandler ["http-nio-8081"] 
2024-05-11 03:01:25.065 [35m[NO CORRELATION ID][0;39m [34m[INFO][0;39m o.a.c.c.StandardService - Starting service [Tomcat] 
2024-05-11 03:01:25.065 [35m[NO CORRELATION ID][0;39m [34m[INFO][0;39m o.a.c.c.StandardEngine - Starting Servlet engine: [Apache Tomcat/10.1.20] 
2024-05-11 03:01:25.071 [35m[NO CORRELATION ID][0;39m [34m[INFO][0;39m o.a.c.c.C.[.[.[/] - Initializing Spring embedded WebApplicationContext 
2024-05-11 03:01:25.071 [35m[NO CORRELATION ID][0;39m [34m[INFO][0;39m o.s.b.w.s.c.ServletWebServerApplicationContext - Root WebApplicationContext: initialization completed in 35 ms 
2024-05-11 03:01:25.077 [35m[NO CORRELATION ID][0;39m [34m[INFO][0;39m o.s.b.a.e.w.EndpointLinksResolver - Exposing 14 endpoint(s) beneath base path '/check' 
2024-05-11 03:01:25.095 [35m[NO CORRELATION ID][0;39m [34m[INFO][0;39m o.a.c.h.Http11NioProtocol - Starting ProtocolHandler ["http-nio-8081"] 
2024-05-11 03:01:25.097 [35m[NO CORRELATION ID][0;39m [34m[INFO][0;39m o.s.b.w.e.t.TomcatWebServer - Tomcat started on port 8081 (http) with context path '' 
2024-05-11 03:01:25.105 [35m[NO CORRELATION ID][0;39m [34m[INFO][0;39m c.e.s.SpringTestApplicationKt - Started SpringTestApplicationKt in 2.762 seconds (process running for 3.21) 
2024-05-11 03:01:25.637 [35m[NO CORRELATION ID][0;39m [34m[INFO][0;39m o.a.c.c.C.[.[.[/] - Initializing Spring DispatcherServlet 'dispatcherServletRegistration' 
2024-05-11 03:01:25.637 [35m[NO CORRELATION ID][0;39m [34m[INFO][0;39m o.s.w.s.DispatcherServlet - Initializing Servlet 'dispatcherServletRegistration' 
2024-05-11 03:01:25.637 [35m[NO CORRELATION ID][0;39m [34m[INFO][0;39m o.s.w.s.DispatcherServlet - Completed initialization in 0 ms 
2024-05-11 03:01:33.807 [35m[NO CORRELATION ID][0;39m [34m[INFO][0;39m o.s.o.j.LocalContainerEntityManagerFactoryBean - Closing JPA EntityManagerFactory for persistence unit 'default' 
2024-05-11 03:01:33.809 [35m[NO CORRELATION ID][0;39m [34m[INFO][0;39m c.z.h.HikariDataSource - HikariPool-1 - Shutdown initiated... 
2024-05-11 03:01:33.813 [35m[NO CORRELATION ID][0;39m [34m[INFO][0;39m c.z.h.HikariDataSource - HikariPool-1 - Shutdown completed. 
2024-05-11 03:01:36.626 [35m[NO CORRELATION ID][0;39m [34m[INFO][0;39m c.e.s.SpringTestApplicationKt - Starting SpringTestApplicationKt using Java 21.0.2 with PID 8151 (/Users/seojemin/IdeaProjects/tech_study_repo/spring/spring_test/build/classes/kotlin/main started by seojemin in /Users/seojemin/IdeaProjects/tech_study_repo) 
2024-05-11 03:01:36.626 [35m[NO CORRELATION ID][0;39m [34m[INFO][0;39m c.e.s.SpringTestApplicationKt - No active profile set, falling back to 1 default profile: "default" 
2024-05-11 03:01:37.077 [35m[NO CORRELATION ID][0;39m [34m[INFO][0;39m o.s.d.r.c.RepositoryConfigurationDelegate - Bootstrapping Spring Data JPA repositories in DEFAULT mode. 
2024-05-11 03:01:37.100 [35m[NO CORRELATION ID][0;39m [34m[INFO][0;39m o.s.d.r.c.RepositoryConfigurationDelegate - Finished Spring Data repository scanning in 20 ms. Found 1 JPA repository interface. 
2024-05-11 03:01:37.454 [35m[NO CORRELATION ID][0;39m [34m[INFO][0;39m o.s.b.w.e.t.TomcatWebServer - Tomcat initialized with port 8080 (http) 
2024-05-11 03:01:37.459 [35m[NO CORRELATION ID][0;39m [34m[INFO][0;39m o.a.c.h.Http11NioProtocol - Initializing ProtocolHandler ["http-nio-8080"] 
2024-05-11 03:01:37.460 [35m[NO CORRELATION ID][0;39m [34m[INFO][0;39m o.a.c.c.StandardService - Starting service [Tomcat] 
2024-05-11 03:01:37.460 [35m[NO CORRELATION ID][0;39m [34m[INFO][0;39m o.a.c.c.StandardEngine - Starting Servlet engine: [Apache Tomcat/10.1.20] 
2024-05-11 03:01:37.481 [35m[NO CORRELATION ID][0;39m [34m[INFO][0;39m o.a.c.c.C.[.[.[/] - Initializing Spring embedded WebApplicationContext 
2024-05-11 03:01:37.481 [35m[NO CORRELATION ID][0;39m [34m[INFO][0;39m o.s.b.w.s.c.ServletWebServerApplicationContext - Root WebApplicationContext: initialization completed in 835 ms 
2024-05-11 03:01:37.748 [35m[NO CORRELATION ID][0;39m [34m[INFO][0;39m o.h.j.i.u.LogHelper - HHH000204: Processing PersistenceUnitInfo [name: default] 
2024-05-11 03:01:37.772 [35m[NO CORRELATION ID][0;39m [34m[INFO][0;39m o.h.Version - HHH000412: Hibernate ORM core version 6.4.4.Final 
2024-05-11 03:01:37.786 [35m[NO CORRELATION ID][0;39m [34m[INFO][0;39m o.h.c.i.RegionFactoryInitiator - HHH000026: Second-level cache disabled 
2024-05-11 03:01:37.896 [35m[NO CORRELATION ID][0;39m [34m[INFO][0;39m o.s.o.j.p.SpringPersistenceUnitInfo - No LoadTimeWeaver setup: ignoring JPA class transformer 
2024-05-11 03:01:37.908 [35m[NO CORRELATION ID][0;39m [34m[INFO][0;39m c.z.h.HikariDataSource - HikariPool-1 - Starting... 
2024-05-11 03:01:37.987 [35m[NO CORRELATION ID][0;39m [34m[INFO][0;39m c.z.h.p.HikariPool - HikariPool-1 - Added connection com.mysql.cj.jdbc.ConnectionImpl@51566ce0 
2024-05-11 03:01:37.988 [35m[NO CORRELATION ID][0;39m [34m[INFO][0;39m c.z.h.HikariDataSource - HikariPool-1 - Start completed. 
2024-05-11 03:01:38.365 [35m[NO CORRELATION ID][0;39m [34m[INFO][0;39m o.h.e.t.j.p.i.JtaPlatformInitiator - HHH000489: No JTA platform available (set 'hibernate.transaction.jta.platform' to enable JTA platform integration) 
2024-05-11 03:01:38.394 [35m[NO CORRELATION ID][0;39m [34m[INFO][0;39m o.s.o.j.LocalContainerEntityManagerFactoryBean - Initialized JPA EntityManagerFactory for persistence unit 'default' 
2024-05-11 03:01:39.078 [35m[NO CORRELATION ID][0;39m [34m[INFO][0;39m o.a.c.h.Http11NioProtocol - Starting ProtocolHandler ["http-nio-8080"] 
2024-05-11 03:01:39.085 [35m[NO CORRELATION ID][0;39m [34m[INFO][0;39m o.s.b.w.e.t.TomcatWebServer - Tomcat started on port 8080 (http) with context path '' 
2024-05-11 03:01:39.116 [35m[NO CORRELATION ID][0;39m [34m[INFO][0;39m o.s.b.w.e.t.TomcatWebServer - Tomcat initialized with port 8081 (http) 
2024-05-11 03:01:39.116 [35m[NO CORRELATION ID][0;39m [34m[INFO][0;39m o.a.c.h.Http11NioProtocol - Initializing ProtocolHandler ["http-nio-8081"] 
2024-05-11 03:01:39.117 [35m[NO CORRELATION ID][0;39m [34m[INFO][0;39m o.a.c.c.StandardService - Starting service [Tomcat] 
2024-05-11 03:01:39.117 [35m[NO CORRELATION ID][0;39m [34m[INFO][0;39m o.a.c.c.StandardEngine - Starting Servlet engine: [Apache Tomcat/10.1.20] 
2024-05-11 03:01:39.123 [35m[NO CORRELATION ID][0;39m [34m[INFO][0;39m o.a.c.c.C.[.[.[/] - Initializing Spring embedded WebApplicationContext 
2024-05-11 03:01:39.123 [35m[NO CORRELATION ID][0;39m [34m[INFO][0;39m o.s.b.w.s.c.ServletWebServerApplicationContext - Root WebApplicationContext: initialization completed in 36 ms 
2024-05-11 03:01:39.129 [35m[NO CORRELATION ID][0;39m [34m[INFO][0;39m o.s.b.a.e.w.EndpointLinksResolver - Exposing 14 endpoint(s) beneath base path '/check' 
2024-05-11 03:01:39.146 [35m[NO CORRELATION ID][0;39m [34m[INFO][0;39m o.a.c.h.Http11NioProtocol - Starting ProtocolHandler ["http-nio-8081"] 
2024-05-11 03:01:39.149 [35m[NO CORRELATION ID][0;39m [34m[INFO][0;39m o.s.b.w.e.t.TomcatWebServer - Tomcat started on port 8081 (http) with context path '' 
2024-05-11 03:01:39.157 [35m[NO CORRELATION ID][0;39m [34m[INFO][0;39m c.e.s.SpringTestApplicationKt - Started SpringTestApplicationKt in 2.751 seconds (process running for 2.997) 
2024-05-11 03:01:39.614 [35m[NO CORRELATION ID][0;39m [34m[INFO][0;39m o.a.c.c.C.[.[.[/] - Initializing Spring DispatcherServlet 'dispatcherServletRegistration' 
2024-05-11 03:01:39.614 [35m[NO CORRELATION ID][0;39m [34m[INFO][0;39m o.s.w.s.DispatcherServlet - Initializing Servlet 'dispatcherServletRegistration' 
2024-05-11 03:01:39.614 [35m[NO CORRELATION ID][0;39m [34m[INFO][0;39m o.s.w.s.DispatcherServlet - Completed initialization in 0 ms 
2024-05-11 03:01:50.523 [35m[NO CORRELATION ID][0;39m [34m[INFO][0;39m o.a.c.c.C.[.[.[/] - Initializing Spring DispatcherServlet 'dispatcherServlet' 
2024-05-11 03:01:50.523 [35m[NO CORRELATION ID][0;39m [34m[INFO][0;39m o.s.w.s.DispatcherServlet - Initializing Servlet 'dispatcherServlet' 
2024-05-11 03:01:50.526 [35m[NO CORRELATION ID][0;39m [34m[INFO][0;39m o.s.w.s.DispatcherServlet - Completed initialization in 2 ms 
2024-05-11 03:02:46.910 [35m[NO CORRELATION ID][0;39m [34m[INFO][0;39m o.s.o.j.LocalContainerEntityManagerFactoryBean - Closing JPA EntityManagerFactory for persistence unit 'default' 
2024-05-11 03:02:46.914 [35m[NO CORRELATION ID][0;39m [34m[INFO][0;39m c.z.h.HikariDataSource - HikariPool-1 - Shutdown initiated... 
2024-05-11 03:02:46.924 [35m[NO CORRELATION ID][0;39m [34m[INFO][0;39m c.z.h.HikariDataSource - HikariPool-1 - Shutdown completed. 
2024-05-11 03:02:49.196 [35m[NO CORRELATION ID][0;39m [34m[INFO][0;39m c.e.s.SpringTestApplicationKt - Starting SpringTestApplicationKt using Java 21.0.2 with PID 8183 (/Users/seojemin/IdeaProjects/tech_study_repo/spring/spring_test/build/classes/kotlin/main started by seojemin in /Users/seojemin/IdeaProjects/tech_study_repo) 
2024-05-11 03:02:49.197 [35m[NO CORRELATION ID][0;39m [34m[INFO][0;39m c.e.s.SpringTestApplicationKt - No active profile set, falling back to 1 default profile: "default" 
2024-05-11 03:02:49.644 [35m[NO CORRELATION ID][0;39m [34m[INFO][0;39m o.s.d.r.c.RepositoryConfigurationDelegate - Bootstrapping Spring Data JPA repositories in DEFAULT mode. 
2024-05-11 03:02:49.667 [35m[NO CORRELATION ID][0;39m [34m[INFO][0;39m o.s.d.r.c.RepositoryConfigurationDelegate - Finished Spring Data repository scanning in 20 ms. Found 1 JPA repository interface. 
2024-05-11 03:02:50.028 [35m[NO CORRELATION ID][0;39m [34m[INFO][0;39m o.s.b.w.e.t.TomcatWebServer - Tomcat initialized with port 8080 (http) 
2024-05-11 03:02:50.033 [35m[NO CORRELATION ID][0;39m [34m[INFO][0;39m o.a.c.h.Http11NioProtocol - Initializing ProtocolHandler ["http-nio-8080"] 
2024-05-11 03:02:50.034 [35m[NO CORRELATION ID][0;39m [34m[INFO][0;39m o.a.c.c.StandardService - Starting service [Tomcat] 
2024-05-11 03:02:50.034 [35m[NO CORRELATION ID][0;39m [34m[INFO][0;39m o.a.c.c.StandardEngine - Starting Servlet engine: [Apache Tomcat/10.1.20] 
2024-05-11 03:02:50.055 [35m[NO CORRELATION ID][0;39m [34m[INFO][0;39m o.a.c.c.C.[.[.[/] - Initializing Spring embedded WebApplicationContext 
2024-05-11 03:02:50.055 [35m[NO CORRELATION ID][0;39m [34m[INFO][0;39m o.s.b.w.s.c.ServletWebServerApplicationContext - Root WebApplicationContext: initialization completed in 837 ms 
2024-05-11 03:02:50.309 [35m[NO CORRELATION ID][0;39m [34m[INFO][0;39m o.h.j.i.u.LogHelper - HHH000204: Processing PersistenceUnitInfo [name: default] 
2024-05-11 03:02:50.331 [35m[NO CORRELATION ID][0;39m [34m[INFO][0;39m o.h.Version - HHH000412: Hibernate ORM core version 6.4.4.Final 
2024-05-11 03:02:50.344 [35m[NO CORRELATION ID][0;39m [34m[INFO][0;39m o.h.c.i.RegionFactoryInitiator - HHH000026: Second-level cache disabled 
2024-05-11 03:02:50.450 [35m[NO CORRELATION ID][0;39m [34m[INFO][0;39m o.s.o.j.p.SpringPersistenceUnitInfo - No LoadTimeWeaver setup: ignoring JPA class transformer 
2024-05-11 03:02:50.463 [35m[NO CORRELATION ID][0;39m [34m[INFO][0;39m c.z.h.HikariDataSource - HikariPool-1 - Starting... 
2024-05-11 03:02:50.542 [35m[NO CORRELATION ID][0;39m [34m[INFO][0;39m c.z.h.p.HikariPool - HikariPool-1 - Added connection com.mysql.cj.jdbc.ConnectionImpl@16361e61 
2024-05-11 03:02:50.542 [35m[NO CORRELATION ID][0;39m [34m[INFO][0;39m c.z.h.HikariDataSource - HikariPool-1 - Start completed. 
2024-05-11 03:02:50.912 [35m[NO CORRELATION ID][0;39m [34m[INFO][0;39m o.h.e.t.j.p.i.JtaPlatformInitiator - HHH000489: No JTA platform available (set 'hibernate.transaction.jta.platform' to enable JTA platform integration) 
2024-05-11 03:02:50.940 [35m[NO CORRELATION ID][0;39m [34m[INFO][0;39m o.s.o.j.LocalContainerEntityManagerFactoryBean - Initialized JPA EntityManagerFactory for persistence unit 'default' 
2024-05-11 03:02:51.565 [35m[NO CORRELATION ID][0;39m [34m[INFO][0;39m o.a.c.h.Http11NioProtocol - Starting ProtocolHandler ["http-nio-8080"] 
2024-05-11 03:02:51.572 [35m[NO CORRELATION ID][0;39m [34m[INFO][0;39m o.s.b.w.e.t.TomcatWebServer - Tomcat started on port 8080 (http) with context path '' 
2024-05-11 03:02:51.599 [35m[NO CORRELATION ID][0;39m [34m[INFO][0;39m o.s.b.w.e.t.TomcatWebServer - Tomcat initialized with port 8081 (http) 
2024-05-11 03:02:51.600 [35m[NO CORRELATION ID][0;39m [34m[INFO][0;39m o.a.c.h.Http11NioProtocol - Initializing ProtocolHandler ["http-nio-8081"] 
2024-05-11 03:02:51.600 [35m[NO CORRELATION ID][0;39m [34m[INFO][0;39m o.a.c.c.StandardService - Starting service [Tomcat] 
2024-05-11 03:02:51.600 [35m[NO CORRELATION ID][0;39m [34m[INFO][0;39m o.a.c.c.StandardEngine - Starting Servlet engine: [Apache Tomcat/10.1.20] 
2024-05-11 03:02:51.606 [35m[NO CORRELATION ID][0;39m [34m[INFO][0;39m o.a.c.c.C.[.[.[/] - Initializing Spring embedded WebApplicationContext 
2024-05-11 03:02:51.606 [35m[NO CORRELATION ID][0;39m [34m[INFO][0;39m o.s.b.w.s.c.ServletWebServerApplicationContext - Root WebApplicationContext: initialization completed in 32 ms 
2024-05-11 03:02:51.612 [35m[NO CORRELATION ID][0;39m [34m[INFO][0;39m o.s.b.a.e.w.EndpointLinksResolver - Exposing 14 endpoint(s) beneath base path '/check' 
2024-05-11 03:02:51.629 [35m[NO CORRELATION ID][0;39m [34m[INFO][0;39m o.a.c.h.Http11NioProtocol - Starting ProtocolHandler ["http-nio-8081"] 
2024-05-11 03:02:51.631 [35m[NO CORRELATION ID][0;39m [34m[INFO][0;39m o.s.b.w.e.t.TomcatWebServer - Tomcat started on port 8081 (http) with context path '' 
2024-05-11 03:02:51.639 [35m[NO CORRELATION ID][0;39m [34m[INFO][0;39m c.e.s.SpringTestApplicationKt - Started SpringTestApplicationKt in 2.659 seconds (process running for 2.92) 
2024-05-11 03:02:52.627 [35m[NO CORRELATION ID][0;39m [34m[INFO][0;39m o.a.c.c.C.[.[.[/] - Initializing Spring DispatcherServlet 'dispatcherServletRegistration' 
2024-05-11 03:02:52.628 [35m[NO CORRELATION ID][0;39m [34m[INFO][0;39m o.s.w.s.DispatcherServlet - Initializing Servlet 'dispatcherServletRegistration' 
2024-05-11 03:02:52.628 [35m[NO CORRELATION ID][0;39m [34m[INFO][0;39m o.s.w.s.DispatcherServlet - Completed initialization in 0 ms 
2024-05-11 03:02:58.492 [35m[NO CORRELATION ID][0;39m [34m[INFO][0;39m o.a.c.c.C.[.[.[/] - Initializing Spring DispatcherServlet 'dispatcherServlet' 
2024-05-11 03:02:58.492 [35m[NO CORRELATION ID][0;39m [34m[INFO][0;39m o.s.w.s.DispatcherServlet - Initializing Servlet 'dispatcherServlet' 
2024-05-11 03:02:58.495 [35m[NO CORRELATION ID][0;39m [34m[INFO][0;39m o.s.w.s.DispatcherServlet - Completed initialization in 3 ms 
2024-05-11 03:06:46.373 [35m[NO CORRELATION ID][0;39m [34m[INFO][0;39m o.s.o.j.LocalContainerEntityManagerFactoryBean - Closing JPA EntityManagerFactory for persistence unit 'default' 
2024-05-11 03:06:46.376 [35m[NO CORRELATION ID][0;39m [34m[INFO][0;39m c.z.h.HikariDataSource - HikariPool-1 - Shutdown initiated... 
2024-05-11 03:06:46.381 [35m[NO CORRELATION ID][0;39m [34m[INFO][0;39m c.z.h.HikariDataSource - HikariPool-1 - Shutdown completed. 
2024-05-11 04:14:02.920 [35m[NO CORRELATION ID][0;39m [34m[INFO][0;39m c.e.s.SpringTestApplicationKt - Starting SpringTestApplicationKt using Java 21.0.2 with PID 10076 (/Users/seojemin/IdeaProjects/tech_study_repo/spring/spring_test/build/classes/kotlin/main started by seojemin in /Users/seojemin/IdeaProjects/tech_study_repo) 
2024-05-11 04:14:02.921 [35m[NO CORRELATION ID][0;39m [34m[INFO][0;39m c.e.s.SpringTestApplicationKt - No active profile set, falling back to 1 default profile: "default" 
2024-05-11 04:14:03.458 [35m[NO CORRELATION ID][0;39m [34m[INFO][0;39m o.s.d.r.c.RepositoryConfigurationDelegate - Bootstrapping Spring Data JPA repositories in DEFAULT mode. 
2024-05-11 04:14:03.482 [35m[NO CORRELATION ID][0;39m [34m[INFO][0;39m o.s.d.r.c.RepositoryConfigurationDelegate - Finished Spring Data repository scanning in 20 ms. Found 1 JPA repository interface. 
2024-05-11 04:14:03.901 [35m[NO CORRELATION ID][0;39m [34m[INFO][0;39m o.s.b.w.e.t.TomcatWebServer - Tomcat initialized with port 8080 (http) 
2024-05-11 04:14:03.908 [35m[NO CORRELATION ID][0;39m [34m[INFO][0;39m o.a.c.h.Http11NioProtocol - Initializing ProtocolHandler ["http-nio-8080"] 
2024-05-11 04:14:03.909 [35m[NO CORRELATION ID][0;39m [34m[INFO][0;39m o.a.c.c.StandardService - Starting service [Tomcat] 
2024-05-11 04:14:03.909 [35m[NO CORRELATION ID][0;39m [34m[INFO][0;39m o.a.c.c.StandardEngine - Starting Servlet engine: [Apache Tomcat/10.1.20] 
2024-05-11 04:14:03.934 [35m[NO CORRELATION ID][0;39m [34m[INFO][0;39m o.a.c.c.C.[.[.[/] - Initializing Spring embedded WebApplicationContext 
2024-05-11 04:14:03.934 [35m[NO CORRELATION ID][0;39m [34m[INFO][0;39m o.s.b.w.s.c.ServletWebServerApplicationContext - Root WebApplicationContext: initialization completed in 991 ms 
2024-05-11 04:14:04.234 [35m[NO CORRELATION ID][0;39m [34m[INFO][0;39m o.h.j.i.u.LogHelper - HHH000204: Processing PersistenceUnitInfo [name: default] 
2024-05-11 04:14:04.264 [35m[NO CORRELATION ID][0;39m [34m[INFO][0;39m o.h.Version - HHH000412: Hibernate ORM core version 6.4.4.Final 
2024-05-11 04:14:04.280 [35m[NO CORRELATION ID][0;39m [34m[INFO][0;39m o.h.c.i.RegionFactoryInitiator - HHH000026: Second-level cache disabled 
2024-05-11 04:14:04.403 [35m[NO CORRELATION ID][0;39m [34m[INFO][0;39m o.s.o.j.p.SpringPersistenceUnitInfo - No LoadTimeWeaver setup: ignoring JPA class transformer 
2024-05-11 04:14:04.418 [35m[NO CORRELATION ID][0;39m [34m[INFO][0;39m c.z.h.HikariDataSource - HikariPool-1 - Starting... 
2024-05-11 04:14:04.515 [35m[NO CORRELATION ID][0;39m [34m[INFO][0;39m c.z.h.p.HikariPool - HikariPool-1 - Added connection com.mysql.cj.jdbc.ConnectionImpl@6fafbdac 
2024-05-11 04:14:04.516 [35m[NO CORRELATION ID][0;39m [34m[INFO][0;39m c.z.h.HikariDataSource - HikariPool-1 - Start completed. 
2024-05-11 04:14:04.944 [35m[NO CORRELATION ID][0;39m [34m[INFO][0;39m o.h.e.t.j.p.i.JtaPlatformInitiator - HHH000489: No JTA platform available (set 'hibernate.transaction.jta.platform' to enable JTA platform integration) 
2024-05-11 04:14:05.002 [35m[NO CORRELATION ID][0;39m [34m[INFO][0;39m o.s.o.j.LocalContainerEntityManagerFactoryBean - Initialized JPA EntityManagerFactory for persistence unit 'default' 
2024-05-11 04:14:05.692 [35m[NO CORRELATION ID][0;39m [34m[INFO][0;39m o.a.c.h.Http11NioProtocol - Starting ProtocolHandler ["http-nio-8080"] 
2024-05-11 04:14:05.699 [35m[NO CORRELATION ID][0;39m [34m[INFO][0;39m o.s.b.w.e.t.TomcatWebServer - Tomcat started on port 8080 (http) with context path '' 
2024-05-11 04:14:05.727 [35m[NO CORRELATION ID][0;39m [34m[INFO][0;39m o.s.b.w.e.t.TomcatWebServer - Tomcat initialized with port 8081 (http) 
2024-05-11 04:14:05.728 [35m[NO CORRELATION ID][0;39m [34m[INFO][0;39m o.a.c.h.Http11NioProtocol - Initializing ProtocolHandler ["http-nio-8081"] 
2024-05-11 04:14:05.728 [35m[NO CORRELATION ID][0;39m [34m[INFO][0;39m o.a.c.c.StandardService - Starting service [Tomcat] 
2024-05-11 04:14:05.728 [35m[NO CORRELATION ID][0;39m [34m[INFO][0;39m o.a.c.c.StandardEngine - Starting Servlet engine: [Apache Tomcat/10.1.20] 
2024-05-11 04:14:05.733 [35m[NO CORRELATION ID][0;39m [34m[INFO][0;39m o.a.c.c.C.[.[.[/] - Initializing Spring embedded WebApplicationContext 
2024-05-11 04:14:05.733 [35m[NO CORRELATION ID][0;39m [34m[INFO][0;39m o.s.b.w.s.c.ServletWebServerApplicationContext - Root WebApplicationContext: initialization completed in 32 ms 
2024-05-11 04:14:05.739 [35m[NO CORRELATION ID][0;39m [34m[INFO][0;39m o.s.b.a.e.w.EndpointLinksResolver - Exposing 15 endpoint(s) beneath base path '/check' 
2024-05-11 04:14:05.757 [35m[NO CORRELATION ID][0;39m [34m[INFO][0;39m o.a.c.h.Http11NioProtocol - Starting ProtocolHandler ["http-nio-8081"] 
2024-05-11 04:14:05.759 [35m[NO CORRELATION ID][0;39m [34m[INFO][0;39m o.s.b.w.e.t.TomcatWebServer - Tomcat started on port 8081 (http) with context path '' 
2024-05-11 04:14:05.767 [35m[NO CORRELATION ID][0;39m [34m[INFO][0;39m c.e.s.SpringTestApplicationKt - Started SpringTestApplicationKt in 3.105 seconds (process running for 3.62) 
2024-05-11 04:14:06.637 [35m[NO CORRELATION ID][0;39m [34m[INFO][0;39m o.a.c.c.C.[.[.[/] - Initializing Spring DispatcherServlet 'dispatcherServletRegistration' 
2024-05-11 04:14:06.637 [35m[NO CORRELATION ID][0;39m [34m[INFO][0;39m o.s.w.s.DispatcherServlet - Initializing Servlet 'dispatcherServletRegistration' 
2024-05-11 04:14:06.637 [35m[NO CORRELATION ID][0;39m [34m[INFO][0;39m o.s.w.s.DispatcherServlet - Completed initialization in 0 ms 
2024-05-11 04:14:12.488 [35m[NO CORRELATION ID][0;39m [34m[INFO][0;39m o.a.c.c.C.[.[.[/] - Initializing Spring DispatcherServlet 'dispatcherServlet' 
2024-05-11 04:14:12.489 [35m[NO CORRELATION ID][0;39m [34m[INFO][0;39m o.s.w.s.DispatcherServlet - Initializing Servlet 'dispatcherServlet' 
2024-05-11 04:14:12.495 [35m[NO CORRELATION ID][0;39m [34m[INFO][0;39m o.s.w.s.DispatcherServlet - Completed initialization in 6 ms 
2024-05-11 12:13:07.037 [35m[NO CORRELATION ID][0;39m [34m[INFO][0;39m o.s.o.j.LocalContainerEntityManagerFactoryBean - Closing JPA EntityManagerFactory for persistence unit 'default' 
2024-05-11 12:13:07.040 [35m[NO CORRELATION ID][0;39m [34m[INFO][0;39m c.z.h.HikariDataSource - HikariPool-1 - Shutdown initiated... 
2024-05-11 12:13:07.042 [35m[NO CORRELATION ID][0;39m [34m[INFO][0;39m c.z.h.HikariDataSource - HikariPool-1 - Shutdown completed. 
2024-05-11 12:13:09.567 [35m[NO CORRELATION ID][0;39m [34m[INFO][0;39m c.e.s.SpringTestApplicationKt - Starting SpringTestApplicationKt using Java 21.0.2 with PID 12628 (/Users/seojemin/IdeaProjects/tech_study_repo/spring/spring_test/build/classes/kotlin/main started by seojemin in /Users/seojemin/IdeaProjects/tech_study_repo) 
2024-05-11 12:13:09.568 [35m[NO CORRELATION ID][0;39m [34m[INFO][0;39m c.e.s.SpringTestApplicationKt - No active profile set, falling back to 1 default profile: "default" 
2024-05-11 12:13:10.040 [35m[NO CORRELATION ID][0;39m [34m[INFO][0;39m o.s.d.r.c.RepositoryConfigurationDelegate - Bootstrapping Spring Data JPA repositories in DEFAULT mode. 
2024-05-11 12:13:10.065 [35m[NO CORRELATION ID][0;39m [34m[INFO][0;39m o.s.d.r.c.RepositoryConfigurationDelegate - Finished Spring Data repository scanning in 20 ms. Found 1 JPA repository interface. 
2024-05-11 12:13:10.446 [35m[NO CORRELATION ID][0;39m [34m[INFO][0;39m o.s.b.w.e.t.TomcatWebServer - Tomcat initialized with port 8080 (http) 
2024-05-11 12:13:10.451 [35m[NO CORRELATION ID][0;39m [34m[INFO][0;39m o.a.c.h.Http11NioProtocol - Initializing ProtocolHandler ["http-nio-8080"] 
2024-05-11 12:13:10.452 [35m[NO CORRELATION ID][0;39m [34m[INFO][0;39m o.a.c.c.StandardService - Starting service [Tomcat] 
2024-05-11 12:13:10.452 [35m[NO CORRELATION ID][0;39m [34m[INFO][0;39m o.a.c.c.StandardEngine - Starting Servlet engine: [Apache Tomcat/10.1.20] 
2024-05-11 12:13:10.475 [35m[NO CORRELATION ID][0;39m [34m[INFO][0;39m o.a.c.c.C.[.[.[/] - Initializing Spring embedded WebApplicationContext 
2024-05-11 12:13:10.475 [35m[NO CORRELATION ID][0;39m [34m[INFO][0;39m o.s.b.w.s.c.ServletWebServerApplicationContext - Root WebApplicationContext: initialization completed in 884 ms 
2024-05-11 12:13:10.757 [35m[NO CORRELATION ID][0;39m [34m[INFO][0;39m o.h.j.i.u.LogHelper - HHH000204: Processing PersistenceUnitInfo [name: default] 
2024-05-11 12:13:10.782 [35m[NO CORRELATION ID][0;39m [34m[INFO][0;39m o.h.Version - HHH000412: Hibernate ORM core version 6.4.4.Final 
2024-05-11 12:13:10.796 [35m[NO CORRELATION ID][0;39m [34m[INFO][0;39m o.h.c.i.RegionFactoryInitiator - HHH000026: Second-level cache disabled 
2024-05-11 12:13:10.900 [35m[NO CORRELATION ID][0;39m [34m[INFO][0;39m o.s.o.j.p.SpringPersistenceUnitInfo - No LoadTimeWeaver setup: ignoring JPA class transformer 
2024-05-11 12:13:10.913 [35m[NO CORRELATION ID][0;39m [34m[INFO][0;39m c.z.h.HikariDataSource - HikariPool-1 - Starting... 
2024-05-11 12:13:10.989 [35m[NO CORRELATION ID][0;39m [34m[INFO][0;39m c.z.h.p.HikariPool - HikariPool-1 - Added connection com.mysql.cj.jdbc.ConnectionImpl@78829412 
2024-05-11 12:13:10.990 [35m[NO CORRELATION ID][0;39m [34m[INFO][0;39m c.z.h.HikariDataSource - HikariPool-1 - Start completed. 
2024-05-11 12:13:11.370 [35m[NO CORRELATION ID][0;39m [34m[INFO][0;39m o.h.e.t.j.p.i.JtaPlatformInitiator - HHH000489: No JTA platform available (set 'hibernate.transaction.jta.platform' to enable JTA platform integration) 
2024-05-11 12:13:11.404 [35m[NO CORRELATION ID][0;39m [34m[INFO][0;39m o.s.o.j.LocalContainerEntityManagerFactoryBean - Initialized JPA EntityManagerFactory for persistence unit 'default' 
2024-05-11 12:13:12.038 [35m[NO CORRELATION ID][0;39m [34m[INFO][0;39m o.a.c.h.Http11NioProtocol - Starting ProtocolHandler ["http-nio-8080"] 
2024-05-11 12:13:12.044 [35m[NO CORRELATION ID][0;39m [34m[INFO][0;39m o.s.b.w.e.t.TomcatWebServer - Tomcat started on port 8080 (http) with context path '' 
2024-05-11 12:13:12.074 [35m[NO CORRELATION ID][0;39m [34m[INFO][0;39m o.s.b.w.e.t.TomcatWebServer - Tomcat initialized with port 8081 (http) 
2024-05-11 12:13:12.075 [35m[NO CORRELATION ID][0;39m [34m[INFO][0;39m o.a.c.h.Http11NioProtocol - Initializing ProtocolHandler ["http-nio-8081"] 
2024-05-11 12:13:12.075 [35m[NO CORRELATION ID][0;39m [34m[INFO][0;39m o.a.c.c.StandardService - Starting service [Tomcat] 
2024-05-11 12:13:12.075 [35m[NO CORRELATION ID][0;39m [34m[INFO][0;39m o.a.c.c.StandardEngine - Starting Servlet engine: [Apache Tomcat/10.1.20] 
2024-05-11 12:13:12.081 [35m[NO CORRELATION ID][0;39m [34m[INFO][0;39m o.a.c.c.C.[.[.[/] - Initializing Spring embedded WebApplicationContext 
2024-05-11 12:13:12.081 [35m[NO CORRELATION ID][0;39m [34m[INFO][0;39m o.s.b.w.s.c.ServletWebServerApplicationContext - Root WebApplicationContext: initialization completed in 35 ms 
2024-05-11 12:13:12.086 [35m[NO CORRELATION ID][0;39m [34m[INFO][0;39m o.s.b.a.e.w.EndpointLinksResolver - Exposing 15 endpoint(s) beneath base path '/check' 
2024-05-11 12:13:12.105 [35m[NO CORRELATION ID][0;39m [34m[INFO][0;39m o.a.c.h.Http11NioProtocol - Starting ProtocolHandler ["http-nio-8081"] 
2024-05-11 12:13:12.107 [35m[NO CORRELATION ID][0;39m [34m[INFO][0;39m o.s.b.w.e.t.TomcatWebServer - Tomcat started on port 8081 (http) with context path '' 
2024-05-11 12:13:12.115 [35m[NO CORRELATION ID][0;39m [34m[INFO][0;39m c.e.s.SpringTestApplicationKt - Started SpringTestApplicationKt in 2.773 seconds (process running for 3.038) 
2024-05-11 12:13:13.138 [35m[NO CORRELATION ID][0;39m [34m[INFO][0;39m o.a.c.c.C.[.[.[/] - Initializing Spring DispatcherServlet 'dispatcherServletRegistration' 
2024-05-11 12:13:13.138 [35m[NO CORRELATION ID][0;39m [34m[INFO][0;39m o.s.w.s.DispatcherServlet - Initializing Servlet 'dispatcherServletRegistration' 
2024-05-11 12:13:13.138 [35m[NO CORRELATION ID][0;39m [34m[INFO][0;39m o.s.w.s.DispatcherServlet - Completed initialization in 0 ms 
2024-05-11 12:13:37.013 [35m[NO CORRELATION ID][0;39m [34m[INFO][0;39m o.a.c.c.C.[.[.[/] - Initializing Spring DispatcherServlet 'dispatcherServlet' 
2024-05-11 12:13:37.014 [35m[NO CORRELATION ID][0;39m [34m[INFO][0;39m o.s.w.s.DispatcherServlet - Initializing Servlet 'dispatcherServlet' 
2024-05-11 12:13:37.020 [35m[NO CORRELATION ID][0;39m [34m[INFO][0;39m o.s.w.s.DispatcherServlet - Completed initialization in 6 ms 
2024-05-11 12:13:37.040 [35m[NO CORRELATION ID][0;39m [34m[INFO][0;39m c.e.s.o.SimpleLoggingHandler - Starting 
2024-05-11 12:13:37.042 [35m[NO CORRELATION ID][0;39m [34m[INFO][0;39m c.e.s.o.SimpleLoggingHandler - Scope opened 
2024-05-11 12:13:37.053 [35m[NO CORRELATION ID][0;39m [34m[INFO][0;39m c.e.s.o.SimpleLoggingHandler - Starting 
2024-05-11 12:13:37.053 [35m[NO CORRELATION ID][0;39m [34m[INFO][0;39m c.e.s.o.SimpleLoggingHandler - Scope opened 
2024-05-11 12:13:37.144 [35m[NO CORRELATION ID][0;39m [34m[INFO][0;39m c.e.s.o.SimpleLoggingHandler - Scope closed 
2024-05-11 12:13:37.144 [35m[NO CORRELATION ID][0;39m [34m[INFO][0;39m c.e.s.o.SimpleLoggingHandler - Stopping 
2024-05-11 12:13:37.158 [35m[NO CORRELATION ID][0;39m [34m[INFO][0;39m c.e.s.o.SimpleLoggingHandler - Scope closed 
2024-05-11 12:13:37.159 [35m[NO CORRELATION ID][0;39m [34m[INFO][0;39m c.e.s.o.SimpleLoggingHandler - Stopping 
2024-05-11 12:14:01.500 [35m[NO CORRELATION ID][0;39m [34m[INFO][0;39m c.e.s.o.SimpleLoggingHandler - Starting 
2024-05-11 12:14:01.500 [35m[NO CORRELATION ID][0;39m [34m[INFO][0;39m c.e.s.o.SimpleLoggingHandler - Scope opened 
2024-05-11 12:14:01.502 [35m[NO CORRELATION ID][0;39m [34m[INFO][0;39m c.e.s.o.SimpleLoggingHandler - Starting 
2024-05-11 12:14:01.502 [35m[NO CORRELATION ID][0;39m [34m[INFO][0;39m c.e.s.o.SimpleLoggingHandler - Scope opened 
2024-05-11 12:14:01.599 [35m[NO CORRELATION ID][0;39m [34m[INFO][0;39m c.e.s.o.SimpleLoggingHandler - Scope closed 
2024-05-11 12:14:01.599 [35m[NO CORRELATION ID][0;39m [34m[INFO][0;39m c.e.s.o.SimpleLoggingHandler - Stopping 
2024-05-11 12:14:01.600 [35m[NO CORRELATION ID][0;39m [34m[INFO][0;39m c.e.s.o.SimpleLoggingHandler - Scope closed 
2024-05-11 12:14:01.600 [35m[NO CORRELATION ID][0;39m [34m[INFO][0;39m c.e.s.o.SimpleLoggingHandler - Stopping 
2024-05-11 12:14:21.365 [35m[NO CORRELATION ID][0;39m [34m[INFO][0;39m o.s.o.j.LocalContainerEntityManagerFactoryBean - Closing JPA EntityManagerFactory for persistence unit 'default' 
2024-05-11 12:14:21.367 [35m[NO CORRELATION ID][0;39m [34m[INFO][0;39m c.z.h.HikariDataSource - HikariPool-1 - Shutdown initiated... 
2024-05-11 12:14:21.370 [35m[NO CORRELATION ID][0;39m [34m[INFO][0;39m c.z.h.HikariDataSource - HikariPool-1 - Shutdown completed. 
